Arguments: 
  C:\Program Files\nodejs\node.exe C:\Users\BFSantos\AppData\Roaming\npm\node_modules\yarn\bin\yarn.js add bcrypt.js

PATH: 
  C:\Program Files\Git\mingw64\bin;C:\Program Files\Git\usr\bin;C:\Users\BFSantos\bin;C:\Users\BFSantos\bin;C:\Program Files\Git\mingw64\bin;C:\Program Files\Git\usr\local\bin;C:\Program Files\Git\usr\bin;C:\Program Files\Git\usr\bin;C:\Program Files\Git\mingw64\bin;C:\Program Files\Git\usr\bin;C:\Users\BFSantos\bin;C:\Program Files\Java\jdk1.8.0_241\bin;C:\Oracle\product\12.2.0\client_1\bin;C:\Program Files (x86)\Common Files\Oracle\Java\javapath;C:\WINDOWS\system32;C:\WINDOWS;C:\WINDOWS\System32\Wbem;C:\WINDOWS\System32\WindowsPowerShell\v1.0;C:\WINDOWS\System32\OpenSSH;C:\Program Files (x86)\Sennheiser\SoftphoneSDK;C:\Program Files\Microsoft VS Code\bin;C:\Program Files\nodejs;C:\Program Files\Git\cmd;C:\Windows\system32;C:\Windows;C:\Windows\System32\Wbem;C:\Windows\System32\WindowsPowerShell\v1.0;C:\Windows\System32\OpenSSH;C:\Program Files\Intel\WiFi\bin;C:\Program Files\Common Files\Intel\WirelessCommon;C:\Program Files (x86)\Sennheiser\SoftphoneSDK;C:\Windows\system32\config\systemprofile\AppData\Local\Microsoft\WindowsApps;C:\Windows\NetworkClient\Library\TLS;C:\Windows\NetworkClient\Library\TLS;C:\Windows\NetworkClient\Library\TLS;C:\Windows\NetworkClient\Library\TLS;C:\Windows\NetworkClient\Library\TLS;C:\Windows\NetworkClient\Library\TLS;C:\Users\BFSantos\AppData\Roaming\npm;C:\Oracle\Middleware12\Oracle_Home\oracle_common\modules\org.apache.maven_3.2.5\bin;C:\App\apache-maven-3.6.3\bin;C:\Program Files\Java\jdk1.8.0_241;C:\Program Files\Git\usr\bin\vendor_perl;C:\Program Files\Git\usr\bin\core_perl

Yarn version: 
  1.22.4

Node version: 
  12.16.1

Platform: 
  win32 x64

Trace: 
  Error: https://registry.yarnpkg.com/bcrypt.js: Not found
      at Request.params.callback [as _callback] (C:\Users\BFSantos\AppData\Roaming\npm\node_modules\yarn\lib\cli.js:66987:18)
      at Request.self.callback (C:\Users\BFSantos\AppData\Roaming\npm\node_modules\yarn\lib\cli.js:140748:22)
      at Request.emit (events.js:311:20)
      at Request.<anonymous> (C:\Users\BFSantos\AppData\Roaming\npm\node_modules\yarn\lib\cli.js:141720:10)
      at Request.emit (events.js:311:20)
      at IncomingMessage.<anonymous> (C:\Users\BFSantos\AppData\Roaming\npm\node_modules\yarn\lib\cli.js:141642:12)
      at Object.onceWrapper (events.js:417:28)
      at IncomingMessage.emit (events.js:323:22)
      at endReadableNT (_stream_readable.js:1204:12)
      at processTicksAndRejections (internal/process/task_queues.js:84:21)

npm manifest: 
  No manifest

yarn manifest: 
  No manifest

Lockfile: 
  No lockfile
